<?xml version="1.0" encoding="UTF-8"?>
<!-- Generated by org.testng.reporters.JUnitXMLReporter -->
<testsuite hostname="slearn-xbt" ignored="1" name="Default test" tests="2" failures="0" timestamp="2021-06-26T15:16:48 MYT" time="12.005" errors="0">
  <testcase name="LoginTestCase2" time="1.442" classname="shoppingTest.LoginTestSD"/>
  <testcase name="AddToCartTest" time="0.655" classname="shoppingTest.LoginTestSD"/>
  <testcase name="LoginTestCase" time="0.0" classname="shoppingTest.LoginTestSD">
    <ignored/>
  </testcase> <!-- LoginTestCase -->
</testsuite> <!-- Default test -->
