<?xml version="1.0" encoding="UTF-8"?>
<!-- Generated by org.testng.reporters.JUnitXMLReporter -->
<testsuite hostname="slearn-xbt" ignored="1" name="Test" tests="2" failures="0" timestamp="2021-06-20T15:35:37 MYT" time="8.91" errors="0">
  <testcase name="@AfterTest teardown" time="5.508" classname="shoppingTest.LoginTestSD">
    <failure type="java.lang.AssertionError" message="The following asserts failed:
	expected [PRODUCTS--wrong] but found [PRODUCTS]">
      <![CDATA[java.lang.AssertionError: The following asserts failed:
expected [PRODUCTS--wrong] but found [PRODUCTS]
at shoppingTest.LoginTestSD.teardown(LoginTestSD.java:206)
... Removed 26 stack frames]]>
    </failure>
  </testcase> <!-- @AfterTest teardown -->
  <testcase name="LoginTest" time="0.603" classname="shoppingTest.LoginTestSD"/>
  <testcase name="AddToCart" time="0.219" classname="shoppingTest.LoginTestSD"/>
  <testcase name="LoginTestCase" time="0.0" classname="shoppingTest.LoginTestSD">
    <ignored/>
  </testcase> <!-- LoginTestCase -->
</testsuite> <!-- Test -->
