<?xml version="1.0" encoding="UTF-8"?>
<testng-results skipped="0" failed="0" ignored="0" total="1" passed="1">
  <reporter-output>
  </reporter-output>
  <suite name="Sanity Suite" duration-ms="13646" started-at="2021-06-26T13:33:30 MYT" finished-at="2021-06-26T13:33:44 MYT">
    <groups>
    </groups>
    <test name="Test" duration-ms="13646" started-at="2021-06-26T13:33:30 MYT" finished-at="2021-06-26T13:33:44 MYT">
      <class name="test.LoginTest">
        <test-method status="PASS" signature="setup()[pri:0, instance:test.LoginTest@36b4cef0]" name="setup" is-config="true" duration-ms="3541" started-at="2021-06-26T13:33:30 MYT" finished-at="2021-06-26T13:33:33 MYT">
          <reporter-output>
          </reporter-output>
        </test-method> <!-- setup -->
        <test-method status="PASS" signature="Login(java.lang.String,java.lang.String)[pri:0, instance:test.LoginTest@36b4cef0]" name="Login" duration-ms="9547" started-at="2021-06-26T13:33:34 MYT" finished-at="2021-06-26T13:33:43 MYT">
          <params>
            <param index="0">
              <value>
                <![CDATA[abc@xyz.com]]>
              </value>
            </param>
            <param index="1">
              <value>
                <![CDATA[unknown]]>
              </value>
            </param>
          </params>
          <reporter-output>
          </reporter-output>
        </test-method> <!-- Login -->
        <test-method status="PASS" signature="teardown()[pri:0, instance:test.LoginTest@36b4cef0]" name="teardown" is-config="true" duration-ms="485" started-at="2021-06-26T13:33:43 MYT" finished-at="2021-06-26T13:33:44 MYT">
          <reporter-output>
          </reporter-output>
        </test-method> <!-- teardown -->
      </class> <!-- test.LoginTest -->
    </test> <!-- Test -->
  </suite> <!-- Sanity Suite -->
</testng-results>
